mo/build/intermediates/manifest_merge_blame_file/debug/manifest-merger-blame-debug-report.txt
1<?xml version="1.0" encoding="utf-8"?>
2<manifest xmlns:android="http://schemas.android.com/apk/res/android"
3    package="com.example.mo" >
4
5    <uses-sdk android:minSdkVersion="24" />
6
7    <uses-permission android:name="android.permission.INTERNET" />
7-->src\main\AndroidManifest.xml:3:5-67
7-->src\main\AndroidManifest.xml:3:22-64
8    <uses-permission android:name="android.permission.READ_EXTERNAL_STORAGE" />
8-->src\main\AndroidManifest.xml:4:5-80
8-->src\main\AndroidManifest.xml:4:22-77
9    <uses-permission android:name="sandroid.permission.WRITE_EXTERNAL_STORAGE" />
9-->src\main\AndroidManifest.xml:5:5-82
9-->src\main\AndroidManifest.xml:5:22-79
10
11</manifest>